<?xml version="1.0" encoding="UTF-8"?>
<!-- Generated by org.testng.reporters.JUnitReportReporter -->
<testsuite hostname="DESKTOP-EVN3PSO" failures="0" tests="1" name="reports.Reports" time="261.501" errors="0" timestamp="2023-03-10T12:25:41 IST" skipped="0">
  <testcase classname="reports.Reports" name="script1" time="261.501"/>
  <system-out/>
</testsuite> <!-- reports.Reports -->
